05:08:17pm =>  :  :  : salvador.alexis01@gmail.com : 7bc1be694e088fb0bd327c16548c09ef

05:10:38pm => 1 : 1 : 1 : salvador.alexis01@gmail.com : 

05:17:26pm => 1 : 1 : 1 : salvador.alexis01@gmail.com : 

05:22:13pm => 1 : 1 : 1 : carylarciete@gmail.com : 

10:12:14am => {
	    "data": {
	        "attributes": {
	            "details": {
	                "card_number": "4571736000000075",
	                "exp_month": 1,
	                "exp_year": 22,
	                "cvc": "454"
	            },
	            "billing": {
	                "address": {
	                    "line1": "Sitio Granada"
	                },
	                "name": "Patricia Seares",
	                "email": "patricia@gmail.com",
	                "phone": "09755315755"
	           		},
	        	"type": "card"
	        }
	    }
	}

